SF:lib/src/data/infra/repository/login_repository_imp.dart
DA:13,1
DA:14,1
DA:19,2
DA:22,0
DA:23,0
DA:24,0
LF:6
LH:3
end_of_record
SF:lib/src/domain/entities/entitie_user_model.dart
DA:13,4
DA:24,1
DA:26,9
LF:3
LH:3
end_of_record
SF:lib/app_widget.dart
DA:9,0
DA:11,0
DA:14,0
DA:16,0
DA:18,0
DA:21,0
DA:22,0
DA:23,0
DA:24,0
DA:25,0
LF:10
LH:0
end_of_record
SF:lib/src/presenter/view/add_page/add_page.dart
DA:14,3
DA:16,0
DA:17,0
DA:21,0
DA:24,0
DA:25,0
DA:26,0
DA:28,0
DA:29,0
DA:33,0
DA:34,0
DA:35,0
DA:36,0
DA:40,0
DA:41,0
DA:42,0
DA:44,0
DA:46,0
DA:47,0
DA:48,0
DA:50,0
DA:53,0
DA:54,0
DA:61,0
DA:62,0
DA:63,0
DA:64,0
DA:65,0
DA:69,0
DA:71,0
DA:72,0
DA:80,0
DA:82,0
DA:87,0
DA:88,0
DA:89,0
DA:97,0
DA:98,0
DA:99,0
DA:100,0
DA:102,0
DA:104,0
DA:105,0
DA:109,0
DA:110,0
DA:112,0
DA:113,0
LF:47
LH:1
end_of_record
SF:lib/src/presenter/view/home/home_page.dart
DA:10,9
DA:12,0
DA:13,0
DA:19,0
DA:21,0
DA:22,0
DA:25,0
DA:27,0
DA:30,0
DA:31,0
DA:32,0
DA:33,0
DA:38,0
DA:41,0
DA:42,0
DA:43,0
DA:47,0
DA:51,0
DA:53,0
DA:54,0
DA:55,0
DA:56,0
DA:57,0
DA:58,0
DA:59,0
DA:60,0
DA:61,0
DA:63,0
DA:64,0
DA:68,0
DA:69,0
DA:72,0
DA:73,0
DA:74,0
DA:75,0
DA:76,0
DA:77,0
DA:79,0
DA:86,0
DA:87,0
DA:88,0
DA:89,0
DA:90,0
DA:92,0
DA:105,0
DA:108,0
DA:110,0
DA:113,0
DA:114,0
DA:115,0
DA:116,0
DA:117,0
DA:119,0
DA:120,0
DA:121,0
DA:127,0
DA:128,0
DA:129,0
DA:130,0
DA:132,0
DA:133,0
DA:138,0
DA:139,0
DA:143,0
DA:144,0
DA:145,0
DA:146,0
DA:147,0
DA:153,0
DA:154,0
DA:155,0
DA:157,0
DA:159,0
DA:160,0
DA:164,0
LF:75
LH:1
end_of_record
SF:lib/src/presenter/view/login/login_page.dart
DA:10,0
DA:13,0
DA:15,0
DA:16,0
DA:17,0
DA:18,0
DA:19,0
DA:20,0
DA:26,0
DA:28,0
DA:29,0
DA:30,0
DA:31,0
DA:33,0
DA:36,0
DA:37,0
DA:44,0
DA:45,0
DA:47,0
DA:49,0
DA:50,0
DA:52,0
DA:53,0
DA:63,0
DA:64,0
DA:65,0
DA:66,0
DA:71,0
DA:72,0
DA:73,0
DA:74,0
DA:75,0
DA:76,0
DA:83,0
DA:84,0
DA:86,0
DA:87,0
DA:89,0
DA:95,0
DA:96,0
DA:97,0
DA:98,0
DA:99,0
DA:108,0
DA:109,0
DA:110,0
LF:46
LH:0
end_of_record
SF:lib/src/presenter/view/splash/splash_page.dart
DA:7,3
DA:9,0
DA:10,0
DA:15,0
DA:16,0
DA:19,0
DA:21,0
DA:22,0
DA:24,0
DA:25,0
DA:26,0
DA:27,0
DA:28,0
DA:29,0
DA:31,0
DA:32,0
DA:33,0
DA:34,0
DA:35,0
DA:41,0
DA:44,0
LF:21
LH:1
end_of_record
SF:lib/helpers/login_failure.dart
DA:7,0
DA:15,0
LF:2
LH:0
end_of_record
SF:lib/src/data/client/http_exception.dart
DA:12,0
LF:1
LH:0
end_of_record
SF:lib/src/data/client/http_response.dart
DA:6,0
DA:12,0
DA:13,0
LF:3
LH:0
end_of_record
SF:lib/helpers/rgx.dart
DA:1,0
LF:1
LH:0
end_of_record
SF:lib/src/data/client/http_client.dart
DA:9,0
DA:10,0
DA:16,0
DA:22,0
DA:26,0
DA:28,0
DA:29,0
DA:30,0
DA:35,0
DA:41,0
DA:45,0
DA:47,0
DA:48,0
DA:49,0
DA:53,0
DA:55,0
DA:56,0
DA:57,0
DA:58,0
DA:62,0
DA:63,0
DA:64,0
DA:65,0
LF:23
LH:0
end_of_record
SF:lib/src/data/client/local/shared_preference.dart
DA:3,0
DA:4,0
DA:5,0
DA:8,0
DA:9,0
DA:10,0
DA:13,0
DA:14,0
DA:15,0
LF:9
LH:0
end_of_record
SF:lib/src/data/infra/datasources/local/todo_list_datasource_imp.dart
DA:5,0
DA:7,0
DA:8,0
DA:12,0
DA:14,0
DA:15,0
DA:16,0
DA:17,0
DA:21,0
DA:23,0
DA:24,0
DA:25,0
DA:26,0
DA:27,0
DA:30,0
DA:32,0
DA:33,0
DA:34,0
DA:35,0
DA:36,0
LF:20
LH:0
end_of_record
SF:lib/src/data/infra/datasources/remote/data_source_login_imp.dart
DA:11,0
DA:13,0
DA:18,0
DA:20,0
DA:22,0
DA:23,0
DA:25,0
LF:7
LH:0
end_of_record
SF:lib/src/data/infra/models/login_model.dart
DA:15,2
DA:24,1
DA:34,2
DA:35,1
DA:36,1
DA:37,1
DA:38,1
DA:39,1
DA:40,1
DA:41,1
DA:42,1
DA:45,0
LF:12
LH:11
end_of_record
SF:lib/src/data/infra/repository/todo_list_repository_imp.dart
DA:7,0
DA:8,0
DA:10,0
DA:13,0
DA:17,0
DA:20,0
DA:22,0
DA:25,0
DA:27,0
LF:9
LH:0
end_of_record
SF:lib/src/dependencies/dependencies.dart
DA:21,0
DA:23,0
DA:24,0
DA:25,0
DA:28,0
DA:29,0
DA:32,0
DA:33,0
DA:35,0
DA:36,0
DA:38,0
DA:39,0
DA:42,0
DA:43,0
DA:45,0
DA:46,0
DA:49,0
DA:50,0
DA:52,0
DA:53,0
LF:20
LH:0
end_of_record
SF:lib/src/domain/usecases/login_usecase_imp.dart
DA:13,1
DA:14,1
DA:19,2
DA:22,0
DA:23,0
DA:24,0
LF:6
LH:3
end_of_record
SF:lib/src/presenter/controllers/login_controller.g.dart
DA:15,0
DA:17,0
DA:18,0
DA:21,0
DA:23,0
DA:24,0
DA:31,0
DA:33,0
DA:39,0
DA:41,0
DA:44,0
DA:46,0
DA:50,0
DA:53,0
DA:54,0
LF:15
LH:0
end_of_record
SF:lib/src/presenter/controllers/login_controller.dart
DA:25,0
DA:27,0
DA:31,0
DA:32,0
DA:33,0
DA:34,0
DA:35,0
DA:36,0
DA:37,0
DA:38,0
DA:39,0
DA:41,0
DA:45,0
DA:47,0
LF:14
LH:0
end_of_record
SF:lib/src/domain/usecases/todo_list_usecase_imp.dart
DA:7,0
DA:9,0
DA:11,0
DA:14,0
DA:16,0
DA:19,0
DA:21,0
DA:24,0
DA:26,0
LF:9
LH:0
end_of_record
SF:lib/src/presenter/controllers/home_controller/home_controller.g.dart
DA:15,0
DA:17,0
DA:18,0
DA:21,0
DA:23,0
DA:24,0
DA:31,0
DA:33,0
DA:34,0
DA:37,0
DA:39,0
DA:40,0
DA:47,0
DA:49,0
DA:55,0
DA:57,0
DA:63,0
DA:65,0
DA:68,0
DA:70,0
DA:74,0
DA:77,0
DA:78,0
DA:79,0
LF:24
LH:0
end_of_record
SF:lib/src/presenter/controllers/home_controller/home_controller.dart
DA:15,0
DA:20,0
DA:22,0
DA:23,0
DA:24,0
DA:27,0
DA:29,0
DA:32,0
DA:34,0
LF:9
LH:0
end_of_record
SF:lib/src/presenter/controllers/create_new_todo_controller/create_controller.g.dart
DA:15,0
DA:17,0
DA:18,0
DA:21,0
DA:23,0
DA:24,0
DA:31,0
DA:33,0
DA:39,0
DA:42,0
DA:43,0
DA:49,0
DA:51,0
DA:54,0
DA:56,0
DA:60,0
DA:63,0
DA:64,0
LF:18
LH:0
end_of_record
SF:lib/src/presenter/controllers/create_new_todo_controller/create_controller.dart
DA:19,0
DA:21,0
DA:23,0
DA:24,0
DA:25,0
DA:28,0
DA:31,0
DA:32,0
DA:33,0
DA:36,0
DA:38,0
LF:11
LH:0
end_of_record
SF:lib/src/presenter/view/home/widgets/custom_drawer.dart
DA:9,3
DA:11,0
DA:13,0
DA:17,0
DA:19,0
DA:20,0
DA:21,0
DA:42,0
DA:43,0
DA:44,0
DA:45,0
DA:46,0
DA:48,0
DA:49,0
LF:14
LH:1
end_of_record
